<?xml version="1.0" encoding="UTF-8"?>
<!-- Generated by org.testng.reporters.JUnitXMLReporter -->
<testsuite hostname="E0363753" ignored="10" name="Regression Test Suite" tests="6" failures="0" timestamp="21 Sep 2018 18:59:31 GMT" time="67.424" errors="0">
  <testcase name="ChangeLanguage" time="10.153" classname="testcases.ChangeLanguageTest"/>
  <testcase name="UserSearchSuccessfully" time="2.555" classname="testcases.UserSearchTest"/>
  <testcase name="UserNavigateSuccessfully" time="4.941" classname="testcases.UserNavigateToMenuTest"/>
  <testcase name="UserSearchSuccessfully" time="2.53" classname="testcases.UserSubscribeNewsletterTest"/>
  <testcase name="UserFillForumSuccessfully" time="9.827" classname="testcases.UserFillContactForumTest"/>
  <testcase name="validateAllLink" time="16.601" classname="testcases.ValidateLinksTest"/>
  <testcase name="@BeforeSuite startDriver" time="0.0" classname="testcases.TestBase">
    <ignored/>
  </testcase> <!-- @BeforeSuite startDriver -->
  <testcase name="@BeforeSuite startDriver" time="0.0" classname="testcases.TestBase">
    <ignored/>
  </testcase> <!-- @BeforeSuite startDriver -->
  <testcase name="@BeforeSuite startDriver" time="0.0" classname="testcases.TestBase">
    <ignored/>
  </testcase> <!-- @BeforeSuite startDriver -->
  <testcase name="@BeforeSuite startDriver" time="0.0" classname="testcases.TestBase">
    <ignored/>
  </testcase> <!-- @BeforeSuite startDriver -->
  <testcase name="@BeforeSuite startDriver" time="0.0" classname="testcases.TestBase">
    <ignored/>
  </testcase> <!-- @BeforeSuite startDriver -->
  <testcase name="@AfterSuite exitDriver" time="0.0" classname="testcases.TestBase">
    <ignored/>
  </testcase> <!-- @AfterSuite exitDriver -->
  <testcase name="@AfterSuite exitDriver" time="0.0" classname="testcases.TestBase">
    <ignored/>
  </testcase> <!-- @AfterSuite exitDriver -->
  <testcase name="@AfterSuite exitDriver" time="0.0" classname="testcases.TestBase">
    <ignored/>
  </testcase> <!-- @AfterSuite exitDriver -->
  <testcase name="@AfterSuite exitDriver" time="0.0" classname="testcases.TestBase">
    <ignored/>
  </testcase> <!-- @AfterSuite exitDriver -->
  <testcase name="@AfterSuite exitDriver" time="0.0" classname="testcases.TestBase">
    <ignored/>
  </testcase> <!-- @AfterSuite exitDriver -->
</testsuite> <!-- Regression Test Suite -->
